  Game.cpp
D:\Visual Studio Code Projects\GameSFML\Game.cpp(23,62): warning C4244: 'argument': conversion from 'unsigned int' to 'T', possible loss of data
          with
          [
              T=float
          ]
D:\Visual Studio Code Projects\GameSFML\Game.cpp(23,45): warning C4244: 'argument': conversion from 'unsigned int' to 'T', possible loss of data
          with
          [
              T=float
          ]
D:\Visual Studio Code Projects\GameSFML\Game.cpp(24,44): warning C4244: 'argument': conversion from 'unsigned int' to 'float', possible loss of data
D:\Visual Studio Code Projects\GameSFML\Game.cpp(24,27): warning C4244: 'argument': conversion from 'unsigned int' to 'float', possible loss of data
D:\Visual Studio Code Projects\GameSFML\Game.cpp(81,58): warning C4244: '=': conversion from 'T' to 'int', possible loss of data
          with
          [
              T=float
          ]
D:\Visual Studio Code Projects\GameSFML\Game.cpp(82,71): warning C4244: 'argument': conversion from 'const T' to 'T', possible loss of data
          with
          [
              T=float
          ]
          and
          [
              T=int
          ]
D:\Visual Studio Code Projects\GameSFML\Game.cpp(82,75): warning C4244: '=': conversion from 'T' to 'int', possible loss of data
          with
          [
              T=float
          ]
D:\Visual Studio Code Projects\GameSFML\Game.cpp(83,59): warning C4244: '=': conversion from 'T' to 'int', possible loss of data
          with
          [
              T=float
          ]
D:\Visual Studio Code Projects\GameSFML\Game.cpp(84,69): warning C4244: 'argument': conversion from 'const T' to 'T', possible loss of data
          with
          [
              T=float
          ]
          and
          [
              T=int
          ]
D:\Visual Studio Code Projects\GameSFML\Game.cpp(84,76): warning C4244: '=': conversion from 'T' to 'int', possible loss of data
          with
          [
              T=float
          ]
D:\Visual Studio Code Projects\GameSFML\Game.cpp(143,22): warning C4018: '<': signed/unsigned mismatch
D:\Visual Studio Code Projects\GameSFML\Game.cpp(190,19): warning C4244: 'initializing': conversion from 'double' to 'float', possible loss of data
D:\Visual Studio Code Projects\GameSFML\Game.cpp(219,49): warning C4244: 'argument': conversion from 'int' to 'T', possible loss of data
          with
          [
              T=float
          ]
D:\Visual Studio Code Projects\GameSFML\Game.cpp(219,37): warning C4244: 'argument': conversion from 'int' to 'T', possible loss of data
          with
          [
              T=float
          ]
D:\Visual Studio Code Projects\GameSFML\Game.cpp(220,56): warning C4244: 'argument': conversion from 'int' to 'T', possible loss of data
          with
          [
              T=float
          ]
D:\Visual Studio Code Projects\GameSFML\Game.cpp(220,49): warning C4244: 'argument': conversion from 'int' to 'T', possible loss of data
          with
          [
              T=float
          ]
D:\Visual Studio Code Projects\GameSFML\Game.cpp(305,10): warning C4244: '=': conversion from 'float' to 'int', possible loss of data
D:\Visual Studio Code Projects\GameSFML\Game.cpp(321,60): warning C4244: 'argument': conversion from 'unsigned int' to 'T', possible loss of data
          with
          [
              T=float
          ]
D:\Visual Studio Code Projects\GameSFML\Game.cpp(321,43): warning C4244: 'argument': conversion from 'unsigned int' to 'T', possible loss of data
          with
          [
              T=float
          ]
D:\Visual Studio Code Projects\GameSFML\Game.cpp(324,58): warning C4244: '=': conversion from 'T' to 'int', possible loss of data
          with
          [
              T=float
          ]
D:\Visual Studio Code Projects\GameSFML\Game.cpp(325,71): warning C4244: 'argument': conversion from 'const T' to 'T', possible loss of data
          with
          [
              T=float
          ]
          and
          [
              T=int
          ]
D:\Visual Studio Code Projects\GameSFML\Game.cpp(325,75): warning C4244: '=': conversion from 'T' to 'int', possible loss of data
          with
          [
              T=float
          ]
D:\Visual Studio Code Projects\GameSFML\Game.cpp(326,59): warning C4244: '=': conversion from 'T' to 'int', possible loss of data
          with
          [
              T=float
          ]
D:\Visual Studio Code Projects\GameSFML\Game.cpp(327,69): warning C4244: 'argument': conversion from 'const T' to 'T', possible loss of data
          with
          [
              T=float
          ]
          and
          [
              T=int
          ]
D:\Visual Studio Code Projects\GameSFML\Game.cpp(327,76): warning C4244: '=': conversion from 'T' to 'int', possible loss of data
          with
          [
              T=float
          ]
D:\Visual Studio Code Projects\GameSFML\Game.cpp(363,79): warning C4244: 'argument': conversion from 'T' to 'float', possible loss of data
          with
          [
              T=unsigned int
          ]
D:\Visual Studio Code Projects\GameSFML\Game.cpp(363,48): warning C4244: 'argument': conversion from 'T' to 'float', possible loss of data
          with
          [
              T=unsigned int
          ]
  GameSFML.vcxproj -> D:\Visual Studio Code Projects\GameSFML\Debug\GameSFML.exe
